  [1m[35m (0.5ms)[0m  [1m[34mSELECT pg_try_advisory_lock(4978512331109723490)[0m
  [1m[35m (14.7ms)[0m  [1m[34mSELECT "schema_migrations"."version" FROM "schema_migrations" ORDER BY "schema_migrations"."version" ASC[0m
Migrating to AddIdToExpence (20220507173953)
  [1m[36mTRANSACTION (0.5ms)[0m  [1m[35mBEGIN[0m
  [1m[35m (119.6ms)[0m  [1m[35mALTER TABLE "expences" ADD "id" bigserial primary key[0m
  [1m[36mTRANSACTION (0.5ms)[0m  [1m[31mROLLBACK[0m
  [1m[35m (0.7ms)[0m  [1m[34mSELECT pg_advisory_unlock(4978512331109723490)[0m
  [1m[35m (0.3ms)[0m  [1m[34mSELECT pg_try_advisory_lock(4978512331109723490)[0m
  [1m[35m (0.4ms)[0m  [1m[34mSELECT "schema_migrations"."version" FROM "schema_migrations" ORDER BY "schema_migrations"."version" ASC[0m
Migrating to AddIdToExpence (20220507173953)
  [1m[36mTRANSACTION (0.2ms)[0m  [1m[35mBEGIN[0m
  [1m[35m (140.2ms)[0m  [1m[35mALTER TABLE "expences" ADD "id" bigserial primary key[0m
  [1m[36mActiveRecord::SchemaMigration Create (0.8ms)[0m  [1m[32mINSERT INTO "schema_migrations" ("version") VALUES ($1) RETURNING "version"[0m  [["version", "20220507173953"]]
  [1m[36mTRANSACTION (3.4ms)[0m  [1m[35mCOMMIT[0m
Migrating to AddDefaultValueToPredefinedAttribute (20220507202056)
  [1m[36mTRANSACTION (0.4ms)[0m  [1m[35mBEGIN[0m
  [1m[35m (17.7ms)[0m  [1m[35mALTER TABLE "expences" ALTER COLUMN "predefined" TYPE boolean, ALTER COLUMN "predefined" SET DEFAULT FALSE[0m
  [1m[36mActiveRecord::SchemaMigration Create (0.7ms)[0m  [1m[32mINSERT INTO "schema_migrations" ("version") VALUES ($1) RETURNING "version"[0m  [["version", "20220507202056"]]
  [1m[36mTRANSACTION (2.1ms)[0m  [1m[35mCOMMIT[0m
Migrating to CreateOperations (20220508141818)
  [1m[36mTRANSACTION (0.4ms)[0m  [1m[35mBEGIN[0m
  [1m[35m (14.1ms)[0m  [1m[35mCREATE TABLE "operations" ("comment" character varying, "marked" boolean, "date" timestamp, "id" bigserial primary key, "user_id" integer, "created_at" timestamp(6) NOT NULL, "updated_at" timestamp(6) NOT NULL)[0m
  [1m[36mActiveRecord::SchemaMigration Create (0.6ms)[0m  [1m[32mINSERT INTO "schema_migrations" ("version") VALUES ($1) RETURNING "version"[0m  [["version", "20220508141818"]]
  [1m[36mTRANSACTION (1.9ms)[0m  [1m[35mCOMMIT[0m
Migrating to CreateOperationDetails (20220508182837)
  [1m[36mTRANSACTION (0.4ms)[0m  [1m[35mBEGIN[0m
  [1m[35m (11.9ms)[0m  [1m[35mCREATE TABLE "operation_details" ("amount" decimal, "id" bigserial primary key, "operation_id" integer, "expence_id" integer, "comment" character varying, "created_at" timestamp(6) NOT NULL, "updated_at" timestamp(6) NOT NULL)[0m
  [1m[36mActiveRecord::SchemaMigration Create (0.7ms)[0m  [1m[32mINSERT INTO "schema_migrations" ("version") VALUES ($1) RETURNING "version"[0m  [["version", "20220508182837"]]
  [1m[36mTRANSACTION (2.2ms)[0m  [1m[35mCOMMIT[0m
Migrating to AddForeignKey (20220508191351)
  [1m[36mTRANSACTION (0.4ms)[0m  [1m[35mBEGIN[0m
  [1m[35m (26.4ms)[0m  [1m[35mALTER TABLE "operation_details" ADD CONSTRAINT "fk_rails_dbc19ed7ee"
FOREIGN KEY ("operation_id")
  REFERENCES "operations" ("id")
[0m
  [1m[36mActiveRecord::SchemaMigration Create (0.7ms)[0m  [1m[32mINSERT INTO "schema_migrations" ("version") VALUES ($1) RETURNING "version"[0m  [["version", "20220508191351"]]
  [1m[36mTRANSACTION (1.7ms)[0m  [1m[35mCOMMIT[0m
Migrating to AddFkExpencesToOperationDetails (20220510211227)
  [1m[36mTRANSACTION (0.4ms)[0m  [1m[35mBEGIN[0m
  [1m[35m (2.1ms)[0m  [1m[35mALTER TABLE "operation_details" ADD CONSTRAINT "fk_rails_47961f5530"
FOREIGN KEY ("expence_id")
  REFERENCES "expences" ("id")
[0m
  [1m[36mActiveRecord::SchemaMigration Create (0.9ms)[0m  [1m[32mINSERT INTO "schema_migrations" ("version") VALUES ($1) RETURNING "version"[0m  [["version", "20220510211227"]]
  [1m[36mTRANSACTION (1.7ms)[0m  [1m[35mCOMMIT[0m
Migrating to AddIdToIncome (20220511142620)
  [1m[36mTRANSACTION (0.4ms)[0m  [1m[35mBEGIN[0m
  [1m[35m (17.7ms)[0m  [1m[35mALTER TABLE "incomes" ADD "id" bigserial primary key[0m
  [1m[36mTRANSACTION (0.1ms)[0m  [1m[31mROLLBACK[0m
  [1m[35m (0.3ms)[0m  [1m[34mSELECT pg_advisory_unlock(4978512331109723490)[0m
  [1m[35m (0.2ms)[0m  [1m[34mSELECT pg_try_advisory_lock(4978512331109723490)[0m
  [1m[35m (0.5ms)[0m  [1m[34mSELECT "schema_migrations"."version" FROM "schema_migrations" ORDER BY "schema_migrations"."version" ASC[0m
Migrating to AddIdToIncome (20220511142620)
  [1m[36mTRANSACTION (0.2ms)[0m  [1m[35mBEGIN[0m
  [1m[35m (8.3ms)[0m  [1m[35mALTER TABLE "incomes" ADD "id" bigserial primary key[0m
  [1m[36mActiveRecord::SchemaMigration Create (0.3ms)[0m  [1m[32mINSERT INTO "schema_migrations" ("version") VALUES ($1) RETURNING "version"[0m  [["version", "20220511142620"]]
  [1m[36mTRANSACTION (1.1ms)[0m  [1m[35mCOMMIT[0m
Migrating to DeviseCreateAdminUsers (20220517155618)
  [1m[36mTRANSACTION (0.2ms)[0m  [1m[35mBEGIN[0m
  [1m[35m (5.4ms)[0m  [1m[35mCREATE TABLE "admin_users" ("id" bigserial primary key, "email" character varying DEFAULT '' NOT NULL, "encrypted_password" character varying DEFAULT '' NOT NULL, "reset_password_token" character varying, "reset_password_sent_at" timestamp, "remember_created_at" timestamp, "created_at" timestamp(6) NOT NULL, "updated_at" timestamp(6) NOT NULL)[0m
  [1m[35m (2.8ms)[0m  [1m[35mCREATE UNIQUE INDEX "index_admin_users_on_email" ON "admin_users" ("email")[0m
  [1m[35m (1.7ms)[0m  [1m[35mCREATE UNIQUE INDEX "index_admin_users_on_reset_password_token" ON "admin_users" ("reset_password_token")[0m
  [1m[36mActiveRecord::SchemaMigration Create (0.1ms)[0m  [1m[32mINSERT INTO "schema_migrations" ("version") VALUES ($1) RETURNING "version"[0m  [["version", "20220517155618"]]
  [1m[36mTRANSACTION (0.8ms)[0m  [1m[35mCOMMIT[0m
Migrating to CreateActiveAdminComments (20220517155714)
  [1m[36mTRANSACTION (0.1ms)[0m  [1m[35mBEGIN[0m
  [1m[35m (5.1ms)[0m  [1m[35mCREATE TABLE "active_admin_comments" ("id" bigserial primary key, "namespace" character varying, "body" text, "resource_type" character varying, "resource_id" bigint, "author_type" character varying, "author_id" bigint, "created_at" timestamp(6) NOT NULL, "updated_at" timestamp(6) NOT NULL)[0m
  [1m[35m (4.7ms)[0m  [1m[35mCREATE INDEX "index_active_admin_comments_on_resource" ON "active_admin_comments" ("resource_type", "resource_id")[0m
  [1m[35m (4.8ms)[0m  [1m[35mCREATE INDEX "index_active_admin_comments_on_author" ON "active_admin_comments" ("author_type", "author_id")[0m
  [1m[35m (2.2ms)[0m  [1m[35mCREATE INDEX "index_active_admin_comments_on_namespace" ON "active_admin_comments" ("namespace")[0m
  [1m[36mActiveRecord::SchemaMigration Create (0.2ms)[0m  [1m[32mINSERT INTO "schema_migrations" ("version") VALUES ($1) RETURNING "version"[0m  [["version", "20220517155714"]]
  [1m[36mTRANSACTION (1.6ms)[0m  [1m[35mCOMMIT[0m
  [1m[36mActiveRecord::InternalMetadata Load (26.2ms)[0m  [1m[34mSELECT "ar_internal_metadata".* FROM "ar_internal_metadata" WHERE "ar_internal_metadata"."key" = $1 LIMIT $2[0m  [["key", "environment"], ["LIMIT", 1]]
  [1m[35m (0.6ms)[0m  [1m[34mSELECT pg_advisory_unlock(4978512331109723490)[0m
  [1m[35m (0.6ms)[0m  [1m[34mSELECT "schema_migrations"."version" FROM "schema_migrations" ORDER BY "schema_migrations"."version" ASC[0m
  [1m[35m (0.4ms)[0m  [1m[34mSELECT "schema_migrations"."version" FROM "schema_migrations" ORDER BY "schema_migrations"."version" ASC[0m
  [1m[36mExpence Load (0.3ms)[0m  [1m[34mSELECT "expences".* FROM "expences"[0m
  [1m[36mTRANSACTION (0.2ms)[0m  [1m[35mBEGIN[0m
  [1m[36mUser Load (10.1ms)[0m  [1m[34mSELECT "users".* FROM "users" WHERE "users"."id" = $1 LIMIT $2[0m  [["id", 1], ["LIMIT", 1]]
  [1m[36mTRANSACTION (0.2ms)[0m  [1m[31mROLLBACK[0m
  [1m[36mTRANSACTION (0.2ms)[0m  [1m[35mBEGIN[0m
  [1m[36mUser Load (0.3ms)[0m  [1m[34mSELECT "users".* FROM "users" WHERE "users"."id" = $1 LIMIT $2[0m  [["id", 1], ["LIMIT", 1]]
  [1m[36mTRANSACTION (0.2ms)[0m  [1m[31mROLLBACK[0m
  [1m[36mTRANSACTION (0.2ms)[0m  [1m[35mBEGIN[0m
  [1m[36mUser Load (0.2ms)[0m  [1m[34mSELECT "users".* FROM "users" WHERE "users"."id" = $1 LIMIT $2[0m  [["id", 1], ["LIMIT", 1]]
  [1m[36mTRANSACTION (0.2ms)[0m  [1m[31mROLLBACK[0m
  [1m[36mTRANSACTION (0.2ms)[0m  [1m[35mBEGIN[0m
  [1m[36mUser Load (0.3ms)[0m  [1m[34mSELECT "users".* FROM "users" WHERE "users"."id" = $1 LIMIT $2[0m  [["id", 1], ["LIMIT", 1]]
  [1m[36mTRANSACTION (0.2ms)[0m  [1m[31mROLLBACK[0m
  [1m[36mTRANSACTION (0.2ms)[0m  [1m[35mBEGIN[0m
  [1m[36mUser Load (0.3ms)[0m  [1m[34mSELECT "users".* FROM "users" WHERE "users"."id" = $1 LIMIT $2[0m  [["id", 1], ["LIMIT", 1]]
  [1m[36mTRANSACTION (0.2ms)[0m  [1m[31mROLLBACK[0m
  [1m[36mTRANSACTION (0.2ms)[0m  [1m[35mBEGIN[0m
  [1m[36mUser Load (0.3ms)[0m  [1m[34mSELECT "users".* FROM "users" WHERE "users"."id" = $1 LIMIT $2[0m  [["id", 1], ["LIMIT", 1]]
  [1m[36mTRANSACTION (0.2ms)[0m  [1m[31mROLLBACK[0m
  [1m[36mTRANSACTION (0.2ms)[0m  [1m[35mBEGIN[0m
  [1m[36mUser Load (0.2ms)[0m  [1m[34mSELECT "users".* FROM "users" WHERE "users"."id" = $1 LIMIT $2[0m  [["id", 1], ["LIMIT", 1]]
  [1m[36mTRANSACTION (0.2ms)[0m  [1m[31mROLLBACK[0m
  [1m[36mTRANSACTION (0.2ms)[0m  [1m[35mBEGIN[0m
  [1m[36mUser Load (0.2ms)[0m  [1m[34mSELECT "users".* FROM "users" WHERE "users"."id" = $1 LIMIT $2[0m  [["id", 1], ["LIMIT", 1]]
  [1m[36mTRANSACTION (0.2ms)[0m  [1m[31mROLLBACK[0m
  [1m[35m (10.2ms)[0m  [1m[34mSELECT COUNT(*) FROM "expences"[0m
  [1m[36mIncome Load (0.4ms)[0m  [1m[34mSELECT "incomes".* FROM "incomes"[0m
  [1m[36mTRANSACTION (0.2ms)[0m  [1m[35mBEGIN[0m
  [1m[36mUser Load (0.2ms)[0m  [1m[34mSELECT "users".* FROM "users" WHERE "users"."id" = $1 LIMIT $2[0m  [["id", 1], ["LIMIT", 1]]
  [1m[36mTRANSACTION (0.2ms)[0m  [1m[31mROLLBACK[0m
  [1m[36mTRANSACTION (0.2ms)[0m  [1m[35mBEGIN[0m
  [1m[36mUser Load (1.4ms)[0m  [1m[34mSELECT "users".* FROM "users" WHERE "users"."id" = $1 LIMIT $2[0m  [["id", 1], ["LIMIT", 1]]
  [1m[36mTRANSACTION (0.2ms)[0m  [1m[31mROLLBACK[0m
  [1m[36mTRANSACTION (0.1ms)[0m  [1m[35mBEGIN[0m
  [1m[36mUser Load (0.2ms)[0m  [1m[34mSELECT "users".* FROM "users" WHERE "users"."id" = $1 LIMIT $2[0m  [["id", 1], ["LIMIT", 1]]
  [1m[36mTRANSACTION (0.2ms)[0m  [1m[31mROLLBACK[0m
  [1m[36mTRANSACTION (0.1ms)[0m  [1m[35mBEGIN[0m
  [1m[36mUser Load (0.2ms)[0m  [1m[34mSELECT "users".* FROM "users" WHERE "users"."id" = $1 LIMIT $2[0m  [["id", 1], ["LIMIT", 1]]
  [1m[36mTRANSACTION (0.2ms)[0m  [1m[31mROLLBACK[0m
  [1m[35m (0.3ms)[0m  [1m[34mSELECT COUNT(*) FROM "incomes"[0m
  [1m[36mTRANSACTION (0.2ms)[0m  [1m[35mBEGIN[0m
  [1m[36mAdminUser Exists? (0.6ms)[0m  [1m[34mSELECT 1 AS one FROM "admin_users" WHERE "admin_users"."email" = $1 LIMIT $2[0m  [["email", "admin@example.com"], ["LIMIT", 1]]
  [1m[36mAdminUser Create (0.5ms)[0m  [1m[32mINSERT INTO "admin_users" ("email", "encrypted_password", "created_at", "updated_at") VALUES ($1, $2, $3, $4) RETURNING "id"[0m  [["email", "admin@example.com"], ["encrypted_password", "$2a$12$0N8r7N8xFRnlCCM1DATX4uUEOKJIMAZIngxvrUcHln064xJ9zuMJi"], ["created_at", "2022-05-24 05:39:53.529058"], ["updated_at", "2022-05-24 05:39:53.529058"]]
  [1m[36mTRANSACTION (7.1ms)[0m  [1m[35mCOMMIT[0m
Started GET "/" for 127.0.0.1 at 2022-05-24 08:40:24 +0300
  [1m[35m (0.6ms)[0m  [1m[34mSELECT "schema_migrations"."version" FROM "schema_migrations" ORDER BY "schema_migrations"."version" ASC[0m
Processing by WelcomeController#index as HTML
  Rendering layout layouts/application.html.erb
  Rendering welcome/index.html.erb within layouts/application
  Rendered welcome/index.html.erb within layouts/application (Duration: 1.2ms | Allocations: 563)
[Webpacker] Compiling...
[Webpacker] Compilation failed:
/home/vitaly/.rvm/gems/ruby-3.0.3/gems/webpacker-5.4.3/lib/webpacker/runner.rb:13:in ``': No such file or directory - yarn (Errno::ENOENT)
	from /home/vitaly/.rvm/gems/ruby-3.0.3/gems/webpacker-5.4.3/lib/webpacker/runner.rb:13:in `initialize'
	from /home/vitaly/.rvm/gems/ruby-3.0.3/gems/webpacker-5.4.3/lib/webpacker/runner.rb:6:in `new'
	from /home/vitaly/.rvm/gems/ruby-3.0.3/gems/webpacker-5.4.3/lib/webpacker/runner.rb:6:in `run'
	from ./bin/webpack:18:in `block in <main>'
	from ./bin/webpack:17:in `chdir'
	from ./bin/webpack:17:in `<main>'

  Rendered layout layouts/application.html.erb (Duration: 795.7ms | Allocations: 41604)
Completed 500 Internal Server Error in 843ms (ActiveRecord: 0.0ms | Allocations: 46693)


  
ActionView::Template::Error (Webpacker can't find application.js in /home/vitaly/finance_tracker/public/packs/manifest.json. Possible causes:
1. You want to set webpacker.yml value of compile to true for your environment
   unless you are using the `webpack -w` or the webpack-dev-server.
2. webpack has not yet re-run to reflect updates.
3. You have misconfigured Webpacker's config/webpacker.yml file.
4. Your webpack configuration is not creating a manifest.
Your manifest contains:
{
}
):
     7:   <%= csp_meta_tag %>
     8:   <%= javascript_include_tag "//www.google.com/jsapi" %>
     9:   <%= stylesheet_link_tag 'application', media: 'all', 'data-turbolinks-track': 'reload' %>
    10:   <%= javascript_pack_tag 'application', 'data-turbolinks-track': 'reload' %>
    11:   <link href="https://cdn.jsdelivr.net/npm/bootstrap@5.1.3/dist/css/bootstrap.min.css" rel="stylesheet" integrity="sha384-1BmE4kWBq78iYhFldvKuhfTAU6auU8tT94WrHftjDbrCEXSU1oBoqyl2QvZ6jIW3" crossorigin="anonymous">
    12:   <script src="https://cdn.jsdelivr.net/npm/bootstrap@5.1.3/dist/js/bootstrap.bundle.min.js" integrity="sha384-ka7Sk0Gln4gmtz2MlQnikT1wXgYsOg+OMhuP+IlRH9sENBO0LRn5q+8nbTov4+1p" crossorigin="anonymous"></script>
    13: </head>
  
app/views/layouts/application.html.erb:10
Started GET "/" for 127.0.0.1 at 2022-05-24 08:47:34 +0300
  [1m[35m (0.7ms)[0m  [1m[34mSELECT "schema_migrations"."version" FROM "schema_migrations" ORDER BY "schema_migrations"."version" ASC[0m
Processing by WelcomeController#index as HTML
  Rendering layout layouts/application.html.erb
  Rendering welcome/index.html.erb within layouts/application
  Rendered welcome/index.html.erb within layouts/application (Duration: 0.8ms | Allocations: 458)
[Webpacker] Compiling...
[Webpacker] Compilation failed:
yarn run v1.22.18
info Visit https://yarnpkg.com/en/docs/cli/run for documentation about this command.


warning ../package.json: No license field
warning ../package.json: No license field
error Command "webpack" not found.

  Rendered layout layouts/application.html.erb (Duration: 1630.6ms | Allocations: 11805)
Completed 500 Internal Server Error in 1640ms (ActiveRecord: 0.0ms | Allocations: 15871)


  
ActionView::Template::Error (Webpacker can't find application.js in /home/vitaly/finance_tracker/public/packs/manifest.json. Possible causes:
1. You want to set webpacker.yml value of compile to true for your environment
   unless you are using the `webpack -w` or the webpack-dev-server.
2. webpack has not yet re-run to reflect updates.
3. You have misconfigured Webpacker's config/webpacker.yml file.
4. Your webpack configuration is not creating a manifest.
Your manifest contains:
{
}
):
     7:   <%= csp_meta_tag %>
     8:   <%= javascript_include_tag "//www.google.com/jsapi" %>
     9:   <%= stylesheet_link_tag 'application', media: 'all', 'data-turbolinks-track': 'reload' %>
    10:   <%= javascript_pack_tag 'application', 'data-turbolinks-track': 'reload' %>
    11:   <link href="https://cdn.jsdelivr.net/npm/bootstrap@5.1.3/dist/css/bootstrap.min.css" rel="stylesheet" integrity="sha384-1BmE4kWBq78iYhFldvKuhfTAU6auU8tT94WrHftjDbrCEXSU1oBoqyl2QvZ6jIW3" crossorigin="anonymous">
    12:   <script src="https://cdn.jsdelivr.net/npm/bootstrap@5.1.3/dist/js/bootstrap.bundle.min.js" integrity="sha384-ka7Sk0Gln4gmtz2MlQnikT1wXgYsOg+OMhuP+IlRH9sENBO0LRn5q+8nbTov4+1p" crossorigin="anonymous"></script>
    13: </head>
  
app/views/layouts/application.html.erb:10
Started GET "/" for 127.0.0.1 at 2022-05-24 08:53:53 +0300
Processing by WelcomeController#index as HTML
  Rendering layout layouts/application.html.erb
  Rendering welcome/index.html.erb within layouts/application
  Rendered welcome/index.html.erb within layouts/application (Duration: 0.5ms | Allocations: 60)
[Webpacker] Compiling...
[Webpacker] Compiled all packs in /home/vitaly/finance_tracker/public/packs
[Webpacker] warning ../package.json: No license field

[Webpacker] Hash: c1dcc8cfaa21981adfc5
Version: webpack 4.46.0
Time: 7882ms
Built at: 05/24/2022 8:54:01 AM
                                            Asset      Size              Chunks                         Chunk Names
          js/active_admin-3a971bd0679d9ffcc3c9.js  1000 KiB        active_admin  [emitted] [immutable]  active_admin
      js/active_admin-3a971bd0679d9ffcc3c9.js.map  1.09 MiB        active_admin  [emitted] [dev]        active_admin
    js/active_admin/print-c04b593940ac58144ce0.js  60.5 KiB  active_admin/print  [emitted] [immutable]  active_admin/print
js/active_admin/print-c04b593940ac58144ce0.js.map  63.1 KiB  active_admin/print  [emitted] [dev]        active_admin/print
           js/application-de4a29d8e4525f2f5adb.js  1.03 MiB         application  [emitted] [immutable]  application
       js/application-de4a29d8e4525f2f5adb.js.map  1.17 MiB         application  [emitted] [dev]        application
                                    manifest.json  1.07 KiB                      [emitted]              
Entrypoint active_admin = js/active_admin-3a971bd0679d9ffcc3c9.js js/active_admin-3a971bd0679d9ffcc3c9.js.map
Entrypoint active_admin/print = js/active_admin/print-c04b593940ac58144ce0.js js/active_admin/print-c04b593940ac58144ce0.js.map
Entrypoint application = js/application-de4a29d8e4525f2f5adb.js js/application-de4a29d8e4525f2f5adb.js.map
[./app/javascript/channels sync recursive _channel\.js$] ./app/javascript/channels sync _channel\.js$ 160 bytes {application} [built]
[./app/javascript/channels/index.js] 211 bytes {application} [built]
[./app/javascript/packs/active_admin.js] 164 bytes {active_admin} [built]
[./app/javascript/packs/active_admin/print.scss] 670 bytes {active_admin/print} [built]
[./app/javascript/packs/application.js] 531 bytes {application} [built]
[./app/javascript/stylesheets/active_admin.scss] 665 bytes {active_admin} [built]
[./node_modules/css-loader/dist/cjs.js?!./node_modules/postcss-loader/src/index.js?!./node_modules/sass-loader/dist/cjs.js?!./app/javascript/packs/active_admin/print.scss] ./node_modules/css-loader/dist/cjs.js??ref--6-1!./node_modules/postcss-loader/src??ref--6-2!./node_modules/sass-loader/dist/cjs.js??ref--6-3!./app/javascript/packs/active_admin/print.scss 44.9 KiB {active_admin/print} [built]
[./node_modules/css-loader/dist/cjs.js?!./node_modules/postcss-loader/src/index.js?!./node_modules/sass-loader/dist/cjs.js?!./app/javascript/stylesheets/active_admin.scss] ./node_modules/css-loader/dist/cjs.js??ref--6-1!./node_modules/postcss-loader/src??ref--6-2!./node_modules/sass-loader/dist/cjs.js??ref--6-3!./app/javascript/stylesheets/active_admin.scss 253 KiB {active_admin} [built]
[./node_modules/webpack/buildin/module.js] (webpack)/buildin/module.js 552 bytes {active_admin} {application} [built]
    + 38 hidden modules

  Rendered layout layouts/application.html.erb (Duration: 8954.3ms | Allocations: 5277)
Completed 200 OK in 8957ms (Views: 8955.5ms | Allocations: 5880)


Started GET "/charts/show" for 127.0.0.1 at 2022-05-24 08:57:46 +0300
Processing by ChartsController#show as HTML
  Rendering layout layouts/application.html.erb
  Rendering welcome/index.html.erb within layouts/application
  Rendered welcome/index.html.erb within layouts/application (Duration: 0.1ms | Allocations: 95)
[Webpacker] Everything's up-to-date. Nothing to do
  Rendered layout layouts/application.html.erb (Duration: 4.4ms | Allocations: 4072)
Filter chain halted as :check_user_signed rendered or redirected
Completed 200 OK in 7ms (Views: 6.3ms | Allocations: 5751)


Started GET "/operations" for 127.0.0.1 at 2022-05-24 08:57:48 +0300
Processing by OperationsController#index as HTML
  Rendering layout layouts/application.html.erb
  Rendering welcome/index.html.erb within layouts/application
  Rendered welcome/index.html.erb within layouts/application (Duration: 0.2ms | Allocations: 86)
[Webpacker] Everything's up-to-date. Nothing to do
  Rendered layout layouts/application.html.erb (Duration: 5.6ms | Allocations: 4073)
Filter chain halted as :check_user_signed rendered or redirected
Completed 200 OK in 10ms (Views: 9.3ms | Allocations: 6395)


Started GET "/users/sign_up" for 127.0.0.1 at 2022-05-24 08:57:50 +0300
Processing by Devise::RegistrationsController#new as HTML
  Rendering layout layouts/application.html.erb
  Rendering devise/registrations/new.html.erb within layouts/application
  Rendered devise/shared/_error_messages.html.erb (Duration: 0.4ms | Allocations: 267)
  Rendered devise/shared/_links.html.erb (Duration: 0.7ms | Allocations: 609)
  Rendered devise/registrations/new.html.erb within layouts/application (Duration: 20.4ms | Allocations: 4887)
[Webpacker] Everything's up-to-date. Nothing to do
  Rendered layout layouts/application.html.erb (Duration: 25.5ms | Allocations: 8901)
Completed 200 OK in 65ms (Views: 27.7ms | ActiveRecord: 11.3ms | Allocations: 20902)


Started GET "/users/sign_in" for 127.0.0.1 at 2022-05-24 08:57:54 +0300
Processing by Devise::SessionsController#new as HTML
  Rendering layout layouts/application.html.erb
  Rendering devise/sessions/new.html.erb within layouts/application
  Rendered devise/shared/_links.html.erb (Duration: 0.6ms | Allocations: 287)
  Rendered devise/sessions/new.html.erb within layouts/application (Duration: 6.2ms | Allocations: 2531)
[Webpacker] Everything's up-to-date. Nothing to do
  Rendered layout layouts/application.html.erb (Duration: 10.6ms | Allocations: 6660)
Completed 200 OK in 15ms (Views: 13.7ms | ActiveRecord: 0.0ms | Allocations: 9217)


Started GET "/admin" for 127.0.0.1 at 2022-05-24 08:58:01 +0300
Processing by Admin::DashboardController#index as HTML
Completed 401 Unauthorized in 1ms (ActiveRecord: 0.0ms | Allocations: 466)


Started GET "/admin/login" for 127.0.0.1 at 2022-05-24 08:58:01 +0300
Processing by ActiveAdmin::Devise::SessionsController#new as HTML
  Rendering layout /home/vitaly/.rvm/gems/ruby-3.0.3/gems/activeadmin-2.13.0/app/views/layouts/active_admin_logged_out.html.erb
  Rendering /home/vitaly/.rvm/gems/ruby-3.0.3/gems/activeadmin-2.13.0/app/views/active_admin/devise/sessions/new.html.erb within layouts/active_admin_logged_out
  Rendered /home/vitaly/.rvm/gems/ruby-3.0.3/gems/activeadmin-2.13.0/app/views/active_admin/devise/shared/_links.erb (Duration: 1.2ms | Allocations: 689)
  Rendered /home/vitaly/.rvm/gems/ruby-3.0.3/gems/activeadmin-2.13.0/app/views/active_admin/devise/sessions/new.html.erb within layouts/active_admin_logged_out (Duration: 54.6ms | Allocations: 11556)
[Webpacker] Everything's up-to-date. Nothing to do
  Rendered layout /home/vitaly/.rvm/gems/ruby-3.0.3/gems/activeadmin-2.13.0/app/views/layouts/active_admin_logged_out.html.erb (Duration: 64.9ms | Allocations: 14016)
Completed 200 OK in 79ms (Views: 67.0ms | ActiveRecord: 3.0ms | Allocations: 19740)


Started POST "/admin/login" for 127.0.0.1 at 2022-05-24 08:58:16 +0300
Processing by ActiveAdmin::Devise::SessionsController#create as HTML
  Parameters: {"authenticity_token"=>"[FILTERED]", "admin_user"=>{"email"=>"admin@example.com", "password"=>"[FILTERED]", "remember_me"=>"1"}, "commit"=>"Login"}
  [1m[36mAdminUser Load (0.7ms)[0m  [1m[34mSELECT "admin_users".* FROM "admin_users" WHERE "admin_users"."email" = $1 ORDER BY "admin_users"."id" ASC LIMIT $2[0m  [["email", "admin@example.com"], ["LIMIT", 1]]
  [1m[36mTRANSACTION (0.5ms)[0m  [1m[35mBEGIN[0m
  [1m[36mAdminUser Update (0.8ms)[0m  [1m[33mUPDATE "admin_users" SET "remember_created_at" = $1, "updated_at" = $2 WHERE "admin_users"."id" = $3[0m  [["remember_created_at", "2022-05-24 05:58:16.292828"], ["updated_at", "2022-05-24 05:58:16.293142"], ["id", 1]]
  [1m[36mTRANSACTION (1.0ms)[0m  [1m[35mCOMMIT[0m
Redirected to http://127.0.0.1:3000/admin
Completed 302 Found in 271ms (ActiveRecord: 4.3ms | Allocations: 12516)


Started GET "/admin" for 127.0.0.1 at 2022-05-24 08:58:16 +0300
Processing by Admin::DashboardController#index as HTML
  [1m[36mAdminUser Load (0.5ms)[0m  [1m[34mSELECT "admin_users".* FROM "admin_users" WHERE "admin_users"."id" = $1 ORDER BY "admin_users"."id" ASC LIMIT $2[0m  [["id", 1], ["LIMIT", 1]]
  Rendering /home/vitaly/.rvm/gems/ruby-3.0.3/gems/activeadmin-2.13.0/app/views/active_admin/page/index.html.arb
[Webpacker] Everything's up-to-date. Nothing to do
  Rendered /home/vitaly/.rvm/gems/ruby-3.0.3/gems/activeadmin-2.13.0/app/views/active_admin/page/index.html.arb (Duration: 22.7ms | Allocations: 7092)
Completed 200 OK in 49ms (Views: 24.1ms | ActiveRecord: 0.5ms | Allocations: 10532)


Started GET "/admin/users" for 127.0.0.1 at 2022-05-24 08:58:18 +0300
Processing by Admin::UsersController#index as HTML
  [1m[36mAdminUser Load (0.8ms)[0m  [1m[34mSELECT "admin_users".* FROM "admin_users" WHERE "admin_users"."id" = $1 ORDER BY "admin_users"."id" ASC LIMIT $2[0m  [["id", 1], ["LIMIT", 1]]
  Rendering /home/vitaly/.rvm/gems/ruby-3.0.3/gems/activeadmin-2.13.0/app/views/active_admin/resource/index.html.arb
[Webpacker] Everything's up-to-date. Nothing to do
  [1m[36mUser Load (1.4ms)[0m  [1m[34mSELECT "users".* FROM "users" ORDER BY "users"."id" desc LIMIT $1 OFFSET $2[0m  [["LIMIT", 30], ["OFFSET", 0]]
  [1m[36mIncome Load (1.0ms)[0m  [1m[34mSELECT "incomes".* FROM "incomes"[0m
  [1m[36mExpence Load (1.7ms)[0m  [1m[34mSELECT "expences".* FROM "expences"[0m
  Rendered /home/vitaly/.rvm/gems/ruby-3.0.3/gems/activeadmin-2.13.0/app/views/active_admin/resource/index.html.arb (Duration: 86.7ms | Allocations: 36248)
Completed 200 OK in 116ms (Views: 79.4ms | ActiveRecord: 10.0ms | Allocations: 43355)


Started GET "/admin/users/new" for 127.0.0.1 at 2022-05-24 09:22:24 +0300
Processing by Admin::UsersController#new as HTML
  [1m[36mAdminUser Load (0.7ms)[0m  [1m[34mSELECT "admin_users".* FROM "admin_users" WHERE "admin_users"."id" = $1 ORDER BY "admin_users"."id" ASC LIMIT $2[0m  [["id", 1], ["LIMIT", 1]]
  Rendering /home/vitaly/.rvm/gems/ruby-3.0.3/gems/activeadmin-2.13.0/app/views/active_admin/resource/new.html.arb
[Webpacker] Everything's up-to-date. Nothing to do
  Rendered /home/vitaly/.rvm/gems/ruby-3.0.3/gems/activeadmin-2.13.0/app/views/active_admin/resource/new.html.arb (Duration: 151.0ms | Allocations: 32137)
Completed 200 OK in 192ms (Views: 179.0ms | ActiveRecord: 6.9ms | Allocations: 38675)


Started GET "/admin/users" for 127.0.0.1 at 2022-05-24 09:22:27 +0300
Processing by Admin::UsersController#index as HTML
  [1m[36mAdminUser Load (1.0ms)[0m  [1m[34mSELECT "admin_users".* FROM "admin_users" WHERE "admin_users"."id" = $1 ORDER BY "admin_users"."id" ASC LIMIT $2[0m  [["id", 1], ["LIMIT", 1]]
  Rendering /home/vitaly/.rvm/gems/ruby-3.0.3/gems/activeadmin-2.13.0/app/views/active_admin/resource/index.html.arb
[Webpacker] Everything's up-to-date. Nothing to do
  [1m[36mUser Load (8.3ms)[0m  [1m[34mSELECT "users".* FROM "users" ORDER BY "users"."id" desc LIMIT $1 OFFSET $2[0m  [["LIMIT", 30], ["OFFSET", 0]]
  [1m[36mIncome Load (1.2ms)[0m  [1m[34mSELECT "incomes".* FROM "incomes"[0m
  [1m[36mExpence Load (1.2ms)[0m  [1m[34mSELECT "expences".* FROM "expences"[0m
  Rendered /home/vitaly/.rvm/gems/ruby-3.0.3/gems/activeadmin-2.13.0/app/views/active_admin/resource/index.html.arb (Duration: 34.2ms | Allocations: 24829)
Completed 200 OK in 41ms (Views: 24.1ms | ActiveRecord: 11.7ms | Allocations: 27340)


Started GET "/admin/dashboard" for 127.0.0.1 at 2022-05-24 09:22:42 +0300
Processing by Admin::DashboardController#index as HTML
  [1m[36mAdminUser Load (2.6ms)[0m  [1m[34mSELECT "admin_users".* FROM "admin_users" WHERE "admin_users"."id" = $1 ORDER BY "admin_users"."id" ASC LIMIT $2[0m  [["id", 1], ["LIMIT", 1]]
  Rendering /home/vitaly/.rvm/gems/ruby-3.0.3/gems/activeadmin-2.13.0/app/views/active_admin/page/index.html.arb
[Webpacker] Everything's up-to-date. Nothing to do
  Rendered /home/vitaly/.rvm/gems/ruby-3.0.3/gems/activeadmin-2.13.0/app/views/active_admin/page/index.html.arb (Duration: 5.0ms | Allocations: 5379)
Completed 200 OK in 11ms (Views: 5.5ms | ActiveRecord: 2.6ms | Allocations: 7250)


Started GET "/" for 127.0.0.1 at 2022-05-24 09:22:47 +0300
Processing by WelcomeController#index as HTML
  Rendering layout layouts/application.html.erb
  Rendering welcome/index.html.erb within layouts/application
  Rendered welcome/index.html.erb within layouts/application (Duration: 0.1ms | Allocations: 60)
[Webpacker] Everything's up-to-date. Nothing to do
  Rendered layout layouts/application.html.erb (Duration: 20.5ms | Allocations: 3888)
Completed 200 OK in 22ms (Views: 20.9ms | ActiveRecord: 0.0ms | Allocations: 4445)


Started GET "/users/sign_in" for 127.0.0.1 at 2022-05-24 09:22:52 +0300
Processing by Devise::SessionsController#new as HTML
  Rendering layout layouts/application.html.erb
  Rendering devise/sessions/new.html.erb within layouts/application
  Rendered devise/shared/_links.html.erb (Duration: 0.3ms | Allocations: 170)
  Rendered devise/sessions/new.html.erb within layouts/application (Duration: 1.9ms | Allocations: 1362)
[Webpacker] Everything's up-to-date. Nothing to do
  Rendered layout layouts/application.html.erb (Duration: 5.8ms | Allocations: 5109)
Completed 200 OK in 7ms (Views: 6.3ms | ActiveRecord: 0.0ms | Allocations: 5823)


Started POST "/users/sign_in" for 127.0.0.1 at 2022-05-24 09:23:00 +0300
Processing by Devise::SessionsController#create as HTML
  Parameters: {"authenticity_token"=>"[FILTERED]", "user"=>{"email"=>"wrather28@gmail.com", "password"=>"[FILTERED]", "remember_me"=>"0"}, "commit"=>"Log in"}
  [1m[36mUser Load (1.5ms)[0m  [1m[34mSELECT "users".* FROM "users" WHERE "users"."email" = $1 ORDER BY "users"."id" ASC LIMIT $2[0m  [["email", "wrather28@gmail.com"], ["LIMIT", 1]]
Completed 401 Unauthorized in 8ms (ActiveRecord: 1.5ms | Allocations: 1936)


Processing by Devise::SessionsController#new as HTML
  Parameters: {"authenticity_token"=>"[FILTERED]", "user"=>{"email"=>"wrather28@gmail.com", "password"=>"[FILTERED]", "remember_me"=>"0"}, "commit"=>"Log in"}
  Rendering layout layouts/application.html.erb
  Rendering devise/sessions/new.html.erb within layouts/application
  Rendered devise/shared/_links.html.erb (Duration: 0.2ms | Allocations: 170)
  Rendered devise/sessions/new.html.erb within layouts/application (Duration: 1.4ms | Allocations: 1339)
[Webpacker] Everything's up-to-date. Nothing to do
  Rendered layout layouts/application.html.erb (Duration: 4.5ms | Allocations: 5068)
Completed 200 OK in 196ms (Views: 5.0ms | ActiveRecord: 0.0ms | Allocations: 5784)


Started GET "/operations" for 127.0.0.1 at 2022-05-24 09:23:03 +0300
Processing by OperationsController#index as HTML
  Rendering layout layouts/application.html.erb
  Rendering welcome/index.html.erb within layouts/application
  Rendered welcome/index.html.erb within layouts/application (Duration: 0.1ms | Allocations: 59)
[Webpacker] Everything's up-to-date. Nothing to do
  Rendered layout layouts/application.html.erb (Duration: 3.3ms | Allocations: 3788)
Filter chain halted as :check_user_signed rendered or redirected
Completed 200 OK in 5ms (Views: 3.9ms | ActiveRecord: 0.0ms | Allocations: 4829)


Started GET "/expences" for 127.0.0.1 at 2022-05-24 09:23:04 +0300
Processing by ExpencesController#index as HTML
  Rendering layout layouts/application.html.erb
  Rendering welcome/index.html.erb within layouts/application
  Rendered welcome/index.html.erb within layouts/application (Duration: 0.3ms | Allocations: 95)
[Webpacker] Everything's up-to-date. Nothing to do
  Rendered layout layouts/application.html.erb (Duration: 4.5ms | Allocations: 4070)
Filter chain halted as :check_user_signed rendered or redirected
Completed 200 OK in 27ms (Views: 26.7ms | ActiveRecord: 0.0ms | Allocations: 5597)


Started GET "/operations" for 127.0.0.1 at 2022-05-24 09:23:04 +0300
Processing by OperationsController#index as HTML
  Rendering layout layouts/application.html.erb
  Rendering welcome/index.html.erb within layouts/application
  Rendered welcome/index.html.erb within layouts/application (Duration: 0.1ms | Allocations: 59)
[Webpacker] Everything's up-to-date. Nothing to do
  Rendered layout layouts/application.html.erb (Duration: 5.4ms | Allocations: 4408)
Filter chain halted as :check_user_signed rendered or redirected
Completed 200 OK in 7ms (Views: 6.0ms | ActiveRecord: 0.0ms | Allocations: 5001)


Started GET "/charts/show" for 127.0.0.1 at 2022-05-24 09:23:05 +0300
Processing by ChartsController#show as HTML
  Rendering layout layouts/application.html.erb
  Rendering welcome/index.html.erb within layouts/application
  Rendered welcome/index.html.erb within layouts/application (Duration: 0.2ms | Allocations: 59)
[Webpacker] Everything's up-to-date. Nothing to do
  Rendered layout layouts/application.html.erb (Duration: 8.0ms | Allocations: 4395)
Filter chain halted as :check_user_signed rendered or redirected
Completed 200 OK in 10ms (Views: 8.7ms | ActiveRecord: 0.0ms | Allocations: 4932)


